<?xml version="1.0" encoding="UTF-8"?>
<!-- Generated by org.testng.reporters.JUnitXMLReporter -->
<testsuite hostname="DELL-PC" ignored="0" name="Test" tests="4" failures="0" timestamp="2020-07-06T14:30:50 IST" time="271.83" errors="0">
  <testcase name="basePageNavigation" time="37.495" classname="Fremeworks.validateTitle"/>
  <testcase name="basePageNavigation" time="109.534" classname="Fremeworks.HomePage"/>
  <testcase name="basePageNavigation" time="63.957" classname="Fremeworks.HomePage"/>
  <testcase name="basePageNavigation" time="0.813" classname="Fremeworks.validateNavbar"/>
</testsuite> <!-- Test -->
