<?xml version="1.0" encoding="UTF-8"?>
<!-- Generated by org.testng.reporters.JUnitXMLReporter -->
<testsuite hostname="DELL-PC" ignored="0" name="validatetitle" tests="1" failures="1" timestamp="2020-07-07T19:08:00 IST" time="22.018" errors="0">
  <testcase name="validatetitleapp" time="0.226" classname="Fremeworks.validateTitle">
    <failure type="junit.framework.ComparisonFailure" message="expected:&amp;lt;...&amp;gt; but was:&amp;lt;...123&amp;gt;">
      <![CDATA[junit.framework.ComparisonFailure: expected:<...> but was:<...123>
at junit.framework.Assert.assertEquals(Assert.java:81)
at junit.framework.Assert.assertEquals(Assert.java:87)
at Fremeworks.validateTitle.validatetitleapp(validateTitle.java:43)
at java.util.ArrayList.forEach(Unknown Source)
... Removed 27 stack frames]]>
    </failure>
  </testcase> <!-- validatetitleapp -->
</testsuite> <!-- validatetitle -->
