<?xml version="1.0" encoding="UTF-8"?>
<!-- Generated by org.testng.reporters.JUnitXMLReporter -->
<testsuite hostname="DELL-PC" ignored="0" name="Test" tests="4" failures="0" timestamp="2020-07-06T22:45:23 IST" time="194.821" errors="0">
  <testcase name="basePageNavigation" time="1.031" classname="Fremeworks.validateTitle"/>
  <testcase name="basePageNavigation" time="65.64" classname="Fremeworks.HomePage"/>
  <testcase name="basePageNavigation" time="55.296" classname="Fremeworks.HomePage"/>
  <testcase name="basePageNavigation" time="0.692" classname="Fremeworks.validateNavbar"/>
</testsuite> <!-- Test -->
