<?xml version="1.0" encoding="UTF-8"?>
<!-- Generated by org.testng.reporters.JUnitXMLReporter -->
<testsuite hostname="DELL-PC" ignored="0" name="validatetitle" tests="1" failures="1" timestamp="2020-07-08T11:38:01 IST" time="65.374" errors="0">
  <testcase name="validatetitleapp" time="4.408" classname="Fremeworks.validateTitle">
    <failure type="junit.framework.ComparisonFailure" message="expected:&amp;lt;...&amp;gt; but was:&amp;lt;...123&amp;gt;">
      <![CDATA[junit.framework.ComparisonFailure: expected:<...> but was:<...123>
at junit.framework.Assert.assertEquals(Assert.java:81)
at junit.framework.Assert.assertEquals(Assert.java:87)
at Fremeworks.validateTitle.validatetitleapp(validateTitle.java:43)
at java.util.ArrayList.forEach(ArrayList.java:1249)
at java.util.concurrent.FutureTask.run(FutureTask.java:266)
at java.util.concurrent.ThreadPoolExecutor.runWorker(ThreadPoolExecutor.java:1142)
at java.util.concurrent.ThreadPoolExecutor$Worker.run(ThreadPoolExecutor.java:617)
at java.lang.Thread.run(Thread.java:745)
... Removed 18 stack frames]]>
    </failure>
  </testcase> <!-- validatetitleapp -->
</testsuite> <!-- validatetitle -->
